cool: /Users/amulyagarimella/Desktop/Xia_Lab/J/data/hct_wt_merge_all_1.48B_UU_dedup.pairs_50bp.mcool::resolutions/500
bed: /Users/amulyagarimella/Desktop/Xia_Lab/J/outputs/2024-12-18_03-57-30_stripe_prior_results_resolution_500bp_windowsize_20Mb_stepsize_20Mb_sumwindowsize_1000kb_peakwindowsize_1000kb_threshold_0.5_lambdawindowsizesbp_10000_100000_1000000_chromosomes_19/prior_peaks_all_chromosomes_peak_calling_threshold_0.5_resolution_500bp_windowsize_20Mb_stepsize_20Mb_sumwindowsize_1000kb_peakwindowsize_1000kb_threshold_0.5_lambdawindowsizesbp_10000_100000_1000000_chromosomes_19_p_5e-08_random0.5.bed
signal: /Users/amulyagarimella/Desktop/Xia_Lab/J/outputs/2024-12-18_03-57-30_stripe_prior_results_resolution_500bp_windowsize_20Mb_stepsize_20Mb_sumwindowsize_1000kb_peakwindowsize_1000kb_threshold_0.5_lambdawindowsizesbp_10000_100000_1000000_chromosomes_19/allpeaks_chr19.bed
region: 
out: /Users/amulyagarimella/Desktop/Xia_Lab/J/outputs/2024-12-18_14-47-52_stripesearch_resol_500_chr_19_canny_2.0_minL_5_maxW_8_maxpixel_0.95_numcores_4_pvalue_0.1_slow_True_bfilter_1_seed_123456789_windowSize_100_expansionLength_50_method_canny_/
norm: 
chrom: 19
canny: 2.0
minL: 5
maxW: 8
maxpixel: 0.95
num_cores: 4
pvalue: 0.1
mask: 0
blur filter: 1
seed: 123456789
windowSize: 100
expansionLength_px: 50
method: canny
stripenn started at Wed Dec 18 14:47:52 2024
Elapsed time for background estimation: 1.0758228302001953 s
Chromosome chr19 search time: 2859.5416629314423
Elapsed time for p-value calculation: 191.91247057914734 s
Elapsed time for scoring stripes: 414.0083191394806 s

65.0min taken.
3899.990416765213sec taken.