cool: /Users/amulyagarimella/Desktop/Xia_Lab/J/data/hct_wt_merge_all_1.48B_UU_dedup.pairs_50bp.mcool::resolutions/200
bed: /Users/amulyagarimella/Desktop/Xia_Lab/J/outputs/2024-12-14_22-36-04_stripe_prior_results_resolution_200bp_windowsize_20Mb_stepsize_19Mb_sumwindowsize_1000kb_peakwindowsize_1000kb_threshold_0.5_lambdawindowsizesbp_10000_100000_1000000_chromosomes_19/prior_peaks_all_chromosomes_peak_calling_threshold_0.5_resolution_200bp_windowsize_20Mb_stepsize_19Mb_sumwindowsize_1000kb_peakwindowsize_1000kb_threshold_0.5_lambdawindowsizesbp_10000_100000_1000000_chromosomes_19_p_5e-08_random0.5.bed
signal: /Users/amulyagarimella/Desktop/Xia_Lab/J/outputs/2024-12-14_22-36-04_stripe_prior_results_resolution_200bp_windowsize_20Mb_stepsize_19Mb_sumwindowsize_1000kb_peakwindowsize_1000kb_threshold_0.5_lambdawindowsizesbp_10000_100000_1000000_chromosomes_19/allpeaks_chr19.bed
region: 
out: /Users/amulyagarimella/Desktop/Xia_Lab/J/outputs/2024-12-18_14-51-55_stripesearch_resol_200_chr_19_canny_2.0_minL_5_maxW_8_maxpixel_0.95_numcores_4_pvalue_0.1_slow_True_bfilter_1_seed_123456789_windowSize_100_expansionLength_50_method_canny_/
norm: 
chrom: 19
canny: 2.0
minL: 5
maxW: 8
maxpixel: 0.95
num_cores: 4
pvalue: 0.1
mask: 0
blur filter: 1
seed: 123456789
windowSize: 100
expansionLength_px: 50
method: canny
stripenn started at Wed Dec 18 14:51:55 2024
Elapsed time for background estimation: 0.007399797439575195 s
Chromosome chr19 search time: 2603.1591799259186
Elapsed time for p-value calculation: 1499.1543107032776 s
Elapsed time for scoring stripes: 3665.0702860355377 s

171.947min taken.
10316.800374031067sec taken.